生成启动时间为 2017/3/2 21:15:47。
     1>项目“F:\opencv_test\ConsoleApplication1\ConsoleApplication1\ConsoleApplication1.vcxproj”在节点 2 上(Build 个目标)。
     1>ClCompile:
         C:\Program Files (x86)\Microsoft Visual Studio 12.0\VC\bin\CL.exe /c /ZI /nologo /W3 /WX- /sdl /Od /Oy- /D WIN32 /D _DEBUG /D _CONSOLE /D _LIB /D _CRT_SECURE_NO_WARNINGS /D _UNICODE /D UNICODE /Gm /EHsc /RTC1 /MDd /GS /fp:precise /Zc:wchar_t /Zc:forScope /Yu"stdafx.h" /Fp"Debug\ConsoleApplication1.pch" /Fo"Debug\\" /Fd"Debug\vc120.pdb" /Gd /TP /analyze- /errorReport:prompt ConsoleApplication1.cpp kcftracker.cpp
         kcftracker.cpp
     1>f:\opencv_test\consoleapplication1\consoleapplication1\labdata.hpp(17): warning C4305: “初始化”: 从“double”到“float”截断
     1>f:\opencv_test\consoleapplication1\consoleapplication1\kcftracker.cpp(97): warning C4305: “=”: 从“double”到“float”截断
     1>f:\opencv_test\consoleapplication1\consoleapplication1\kcftracker.cpp(105): warning C4305: “=”: 从“double”到“float”截断
     1>f:\opencv_test\consoleapplication1\consoleapplication1\kcftracker.cpp(106): warning C4305: “=”: 从“double”到“float”截断
     1>f:\opencv_test\consoleapplication1\consoleapplication1\kcftracker.cpp(114): warning C4305: “=”: 从“double”到“float”截断
     1>f:\opencv_test\consoleapplication1\consoleapplication1\kcftracker.cpp(115): warning C4305: “=”: 从“double”到“float”截断
     1>f:\opencv_test\consoleapplication1\consoleapplication1\kcftracker.cpp(117): warning C4305: “=”: 从“double”到“float”截断
     1>f:\opencv_test\consoleapplication1\consoleapplication1\kcftracker.cpp(128): warning C4305: “=”: 从“double”到“float”截断
     1>f:\opencv_test\consoleapplication1\consoleapplication1\kcftracker.cpp(129): warning C4305: “=”: 从“double”到“float”截断
     1>f:\opencv_test\consoleapplication1\consoleapplication1\kcftracker.cpp(143): warning C4305: “=”: 从“double”到“float”截断
     1>f:\opencv_test\consoleapplication1\consoleapplication1\kcftracker.cpp(144): warning C4305: “=”: 从“double”到“float”截断
     1>f:\opencv_test\consoleapplication1\consoleapplication1\kcftracker.cpp(179): warning C4244: “=”: 从“int”转换到“float”，可能丢失数据
     1>f:\opencv_test\consoleapplication1\consoleapplication1\kcftracker.cpp(180): warning C4244: “=”: 从“int”转换到“float”，可能丢失数据
     1>f:\opencv_test\consoleapplication1\consoleapplication1\kcftracker.cpp(218): warning C4244: “=”: 从“int”转换到“float”，可能丢失数据
     1>f:\opencv_test\consoleapplication1\consoleapplication1\kcftracker.cpp(219): warning C4244: “=”: 从“int”转换到“float”，可能丢失数据
     1>f:\opencv_test\consoleapplication1\consoleapplication1\kcftracker.cpp(331): warning C4244: “初始化”: 从“double”转换到“float”，可能丢失数据
     1>f:\opencv_test\consoleapplication1\consoleapplication1\kcftracker.cpp(353): warning C4244: “初始化”: 从“float”转换到“int”，可能丢失数据
     1>f:\opencv_test\consoleapplication1\consoleapplication1\kcftracker.cpp(354): warning C4244: “初始化”: 从“float”转换到“int”，可能丢失数据
     1>f:\opencv_test\consoleapplication1\consoleapplication1\kcftracker.cpp(362): warning C4244: “=”: 从“float”转换到“int”，可能丢失数据
     1>f:\opencv_test\consoleapplication1\consoleapplication1\kcftracker.cpp(363): warning C4244: “=”: 从“float”转换到“int”，可能丢失数据
     1>f:\opencv_test\consoleapplication1\consoleapplication1\kcftracker.cpp(394): warning C4244: “=”: 从“float”转换到“int”，可能丢失数据
     1>f:\opencv_test\consoleapplication1\consoleapplication1\kcftracker.cpp(395): warning C4244: “=”: 从“float”转换到“int”，可能丢失数据
     1>f:\opencv_test\consoleapplication1\consoleapplication1\kcftracker.cpp(398): warning C4244: “=”: 从“float”转换到“int”，可能丢失数据
     1>f:\opencv_test\consoleapplication1\consoleapplication1\kcftracker.cpp(399): warning C4244: “=”: 从“float”转换到“int”，可能丢失数据
     1>f:\opencv_test\consoleapplication1\consoleapplication1\kcftracker.cpp(458): warning C4244: “+=”: 从“double”转换到“float”，可能丢失数据
     1>f:\opencv_test\consoleapplication1\consoleapplication1\kcftracker.cpp(492): warning C4244: “=”: 从“double”转换到“float”，可能丢失数据
     1>f:\opencv_test\consoleapplication1\consoleapplication1\kcftracker.cpp(494): warning C4244: “=”: 从“double”转换到“float”，可能丢失数据
     1>f:\opencv_test\consoleapplication1\consoleapplication1\kcftracker.cpp(522): warning C4244: “return”: 从“double”转换到“float”，可能丢失数据
         ConsoleApplication1.cpp
     1>f:\opencv_test\consoleapplication1\consoleapplication1\consoleapplication1.cpp(121): warning C4244: “参数”: 从“float”转换到“int”，可能丢失数据
     1>f:\opencv_test\consoleapplication1\consoleapplication1\consoleapplication1.cpp(122): warning C4244: “参数”: 从“float”转换到“int”，可能丢失数据
     1>f:\opencv_test\consoleapplication1\consoleapplication1\consoleapplication1.cpp(72): warning C4101: “ch”: 未引用的局部变量
         正在生成代码...
       Link:
         C:\Program Files (x86)\Microsoft Visual Studio 12.0\VC\bin\link.exe /ERRORREPORT:PROMPT /OUT:"F:\opencv_test\ConsoleApplication1\Debug\ConsoleApplication1.exe" /INCREMENTAL /NOLOGO opencv_core248d.lib opencv_imgproc248d.lib opencv_highgui248d.lib opencv_ml248d.lib opencv_video248d.lib opencv_features2d248d.lib opencv_calib3d248d.lib opencv_contrib248d.lib opencv_legacy248d.lib opencv_flann248d.lib opencv_gpu248d.lib kernel32.lib user32.lib gdi32.lib winspool.lib comdlg32.lib advapi32.lib shell32.lib ole32.lib oleaut32.lib uuid.lib odbc32.lib odbccp32.lib /MANIFEST /MANIFESTUAC:"level='asInvoker' uiAccess='false'" /manifest:embed /DEBUG /PDB:"F:\opencv_test\ConsoleApplication1\Debug\ConsoleApplication1.pdb" /SUBSYSTEM:CONSOLE /TLBID:1 /DYNAMICBASE /NXCOMPAT /IMPLIB:"F:\opencv_test\ConsoleApplication1\Debug\ConsoleApplication1.lib" /MACHINE:X86 Debug\ConsoleApplication1.obj
         Debug\fhog.obj
         Debug\kcftracker.obj
         Debug\stdafx.obj
         ConsoleApplication1.vcxproj -> F:\opencv_test\ConsoleApplication1\Debug\ConsoleApplication1.exe
     1>已完成生成项目“F:\opencv_test\ConsoleApplication1\ConsoleApplication1\ConsoleApplication1.vcxproj”(Build 个目标)的操作。

生成成功。

已用时间 00:00:04.16
